<?xml version="1.0" encoding="UTF-8"?>
<testsuite xmlns:xsi="http://www.w3.org/2001/XMLSchema-instance" xsi:noNamespaceSchemaLocation="https://maven.apache.org/surefire/maven-surefire-plugin/xsd/surefire-test-report-3.0.xsd" version="3.0" name="com.company.solarwatch.service.SolarWatchServiceTest" time="6.886" tests="3" errors="0" skipped="0" failures="0">
  <properties>
[...]
</properties>
  <testcase name="testGetSolarWatchReportCityNotFoundException" classname="com.company.solarwatch.service.SolarWatchServiceTest" time="0.112">
    <system-out><![CDATA[23:10:24.296 [main] INFO org.springframework.test.context.support.AnnotationConfigContextLoaderUtils -- Could not detect default configuration classes for test class [com.company.solarwatch.service.SolarWatchServiceTest]: SolarWatchServiceTest does not declare any static, non-private, non-final, nested classes annotated with @Configuration.
23:10:24.512 [main] INFO org.springframework.boot.test.context.SpringBootTestContextBootstrapper -- Found @SpringBootConfiguration com.company.solarwatch.SolarWatchApplication for test class com.company.solarwatch.service.SolarWatchServiceTest

  .   ____          _            __ _ _
 /\\ / ___'_ __ _ _(_)_ __  __ _ \ \ \ \
( ( )\___ | '_ | '_| | '_ \/ _` | \ \ \ \
 \\/  ___)| |_)| | | | | || (_| |  ) ) ) )
  '  |____| .__|_| |_|_| |_\__, | / / / /
 =========|_|==============|___/=/_/_/_/
 :: Spring Boot ::                (v3.1.4)

2023-12-03T23:10:25.789+01:00  INFO 5436 --- [           main] c.c.s.service.SolarWatchServiceTest      : Starting SolarWatchServiceTest using Java 20 with PID 5436 (started by Acer in C:\Users\Acer\Documents\Magdalena\programming\codecool\module4\training\ci-test-github-worklflows)
2023-12-03T23:10:25.792+01:00  INFO 5436 --- [           main] c.c.s.service.SolarWatchServiceTest      : No active profile set, falling back to 1 default profile: "default"
2023-12-03T23:10:29.300+01:00  INFO 5436 --- [           main] o.s.b.a.w.s.WelcomePageHandlerMapping    : Adding welcome page: class path resource [static/index.html]
2023-12-03T23:10:29.720+01:00  INFO 5436 --- [           main] c.c.s.service.SolarWatchServiceTest      : Started SolarWatchServiceTest in 4.936 seconds (process running for 12.633)
2023-12-03T23:10:30.590+01:00  INFO 5436 --- [           main] c.c.s.service.SolarWatchService          : Response from Open Geo API: {}
]]></system-out>
  </testcase>
  <testcase name="testGetSolarWatchReportNoDataFoundInGeoApi" classname="com.company.solarwatch.service.SolarWatchServiceTest" time="0.038">
    <system-out><![CDATA[2023-12-03T23:10:30.627+01:00  INFO 5436 --- [           main] c.c.s.service.SolarWatchService          : Response from Open Geo API: {}
]]></system-out>
  </testcase>
  <testcase name="testGetSolarWatchReportSuccess" classname="com.company.solarwatch.service.SolarWatchServiceTest" time="0.283">
    <system-out><![CDATA[a7ee67ca1242926c51c6ec2a212ea364
2023-12-03T23:10:30.828+01:00  INFO 5436 --- [           main] c.c.s.service.SolarWatchService          : Response from Open Geo API: OpenGeoReport[name=paris, localNames={hi=पैरिस, ps=پاريس, hr=Pariz, ht=Pari, hu=Párizs, yi=פאריז, hy=Փարիզ, yo=Parisi, af=Parys, za=Bahliz, is=París, it=Parigi, am=ፓሪስ, an=París, zh=巴黎, ar=باريس, ja=パリ, zu=IParisi, ba=Париж, ru=Париж, be=Парыж, bg=Париж, bn=প্যারিস, bo=ཕ་རི།, sc=Parigi, br=Pariz, bs=Pariz, sh=Pariz, ka=პარიზი, sk=Paríž, sl=Pariz, so=Baariis, ca=París, sq=Parisi, sr=Париз, kk=Париж, km=ប៉ារីស, sv=Paris, kn=ಪ್ಯಾರಿಸ್, ko=파리, ku=Parîs, kv=Париж, co=Parighji, ta=பாரிஸ், ky=Париж, cs=Paříž, te=పారిస్, cu=Парижь, tg=Париж, cv=Парис, th=ปารีส, la=Lutetia, lb=Paräis, tk=Pariž, tl=Paris, li=Paries, tt=Париж, de=Paris, ln=Pari, lt=Paryžius, lv=Parīze, ug=پارىژ, uk=Париж, mi=Parī, ur=پیرس, mk=Париз, ml=പാരിസ്, mn=Парис, mr=पॅरिस, uz=Parij, el=Παρίσι, eo=Parizo, my=ပါရီမြို့, es=París, et=Pariis, eu=Paris, vi=Paris, ne=पेरिस, fa=پاریس, nl=Parijs, no=Paris, fi=Pariisi, wa=Paris, fr=Paris, fy=Parys, oc=París, wo=Pari, ga=Páras, or=ପ୍ୟାରିସ, os=Париж, gl=París, gn=Parĩ, gu=પૅરિસ, gv=Paarys, pa=ਪੈਰਿਸ, ha=Pariis, pl=Paryż, he=פריז}, lat=48.8588897, lon=2.3200410217200766, country=FR, state=Ile-de-France]
2023-12-03T23:10:30.889+01:00  INFO 5436 --- [           main] c.c.s.service.SolarWatchService          : Requesting data from Open Solar API: https://api.sunrise-sunset.org/json?lat=48.8588897&lng=2.3200410217200766&date=2023-05-25
2023-12-03T23:10:30.889+01:00  INFO 5436 --- [           main] c.c.s.service.SolarWatchService          : Response from Open Solar API: OpenSolarWatchReport[results=OpenSolarData[sunrise=3:55:38 AM, sunset=7:39:38 PM]]
2023-12-03T23:10:30.903+01:00  INFO 5436 --- [           main] c.c.s.service.SolarWatchService          : Raw response from Open Solar API: OpenSolarWatchReport[results=OpenSolarData[sunrise=3:55:38 AM, sunset=7:39:38 PM]]
2023-12-03T23:10:30.903+01:00  INFO 5436 --- [           main] c.c.s.service.SolarWatchService          : Raw response from Open Solar API: OpenSolarWatchReport[results=OpenSolarData[sunrise=3:55:38 AM, sunset=7:39:38 PM]]
]]></system-out>
  </testcase>
</testsuite>